make all --print-data-base --no-builtin-variables --no-builtin-rules --question
# GNU Make 4.2.1
# Built for x86_64-pc-linux-gnu
# Copyright (C) 1988-2016 Free Software Foundation, Inc.
# License GPLv3+: GNU GPL version 3 or later <http://gnu.org/licenses/gpl.html>
# This is free software: you are free to change and redistribute it.
# There is NO WARRANTY, to the extent permitted by law.

# Make data base, printed on Sun Jun 26 23:03:21 2022

# Variables

# makefile (from 'Makefile', line 15)
UTILS = *.c
# automatic
<D = $(patsubst %/,%,$(dir $<))
# automatic
?F = $(notdir $?)
# default
.SHELLFLAGS := -c
# makefile (from 'Makefile', line 29)
OBJ = $(SRC:.c=.o)
# environment
VSCODE_AGENT_FOLDER = /home/coder/.vscode-server
# makefile (from 'Makefile', line 27)
SRC = $(addprefix src/, $(FILES)) 
# environment
LC_CTYPE = en_US.UTF-8
# environment
VSCODE_LOG_NATIVE = false
# automatic
?D = $(patsubst %/,%,$(dir $?))
# automatic
@D = $(patsubst %/,%,$(dir $@))
# automatic
@F = $(notdir $@)
# makefile
CURDIR := /home/coder/Code/42-mini_shell
# makefile
SHELL = /bin/sh
# environment
VSCODE_NLS_CONFIG = {"locale":"en","availableLanguages":{}}
# environment
_ = /home/coder/.vscode-server/bin/30d9c6cd9483b2cc586687151bcbcd635f373630/node
# makefile (from 'Makefile', line 5)
CFLAGS = -Wall -Wextra -Werror
# makefile (from 'Makefile', line 1)
MAKEFILE_LIST :=  Makefile
# 'override' directive
GNUMAKEFLAGS := 
# environment
VSCODE_VERBOSE_LOGGING = true
# environment
VSCODE_CWD = /home/coder
# environment
SSH_CONNECTION = 192.168.78.0 1700 192.168.127.65 2222
# environment
PATH = /home/coder/.vscode-server/bin/30d9c6cd9483b2cc586687151bcbcd635f373630/bin/remote-cli:/usr/local/sbin:/usr/local/bin:/usr/sbin:/usr/bin:/sbin:/bin:/usr/games:/usr/local/games:/snap/bin
# makefile (from 'Makefile', line 17)
ERROS = custom_error.c 
# environment
VSCODE_LOG_STACK = false
# environment
VSCODE_IPC_HOOK_CLI = /tmp/vscode-ipc-f196ea16-399e-4be9-ad7e-917b998b4d62.sock
# default
.FEATURES := target-specific order-only second-expansion else-if shortest-stem undefine oneshell archives jobserver output-sync check-symlink load
# automatic
%F = $(notdir $%)
# environment
VSCODE_PIPE_LOGGING = true
# environment
PWD = /home/coder/Code/42-mini_shell
# default
.LOADED := 
# automatic
*D = $(patsubst %/,%,$(dir $*))
# makefile (from 'Makefile', line 9)
SIGNALS = signals.c 
# environment
VSCODE_AMD_ENTRYPOINT = vs/workbench/api/node/extensionHostProcess
# environment
HOME = /home/coder
# environment
LOGNAME = coder
# environment
APPLICATION_INSIGHTS_NO_DIAGNOSTIC_CHANNEL = 1
# automatic
+F = $(notdir $+)
# environment
VSCODE_HANDLES_UNCAUGHT_ERRORS = true
# automatic
^D = $(patsubst %/,%,$(dir $^))
# environment
MAKELEVEL := 0
# default
MAKE = $(MAKE_COMMAND)
# default
MAKECMDGOALS := all
# environment
SHLVL = 1
# makefile (from 'Makefile', line 7)
LIBFT = ./libft/libft.a
# makefile (from 'Makefile', line 3)
CC = gcc
# default
MAKE_VERSION := 4.2.1
# environment
USER = coder
# makefile
.DEFAULT_GOAL := all
# makefile (from 'Makefile', line 1)
NAME = minishell
# automatic
%D = $(patsubst %/,%,$(dir $%))
# default
MAKE_COMMAND := make
# default
.VARIABLES := 
# automatic
*F = $(notdir $*)
# makefile
MAKEFLAGS = pqrR
# environment
MFLAGS = -pqrR
# environment
SSH_CLIENT = 192.168.78.0 1700 2222
# makefile (from 'Makefile', line 11)
HANDLERS = *.c
# automatic
+D = $(patsubst %/,%,$(dir $+))
# environment
BROWSER = /home/coder/.vscode-server/bin/30d9c6cd9483b2cc586687151bcbcd635f373630/bin/helpers/browser.sh
# environment
VSCODE_HANDLES_SIGPIPE = true
# default
MAKEFILES := 
# automatic
<F = $(notdir $<)
# environment
LC_ALL = C
# automatic
^F = $(notdir $^)
# default
SUFFIXES := 
# default
.INCLUDE_DIRS = /usr/include /usr/local/include /usr/include
# default
.RECIPEPREFIX := 
# default
MAKE_HOST := x86_64-pc-linux-gnu
# environment
LANG = C
# environment
VSCODE_EXTHOST_WILL_SEND_SOCKET = true
# makefile (from 'Makefile', line 13)
COMMANDS = *.c
# environment
MOTD_SHOWN = pam
# makefile (from 'Makefile', line 19)
FILES = main.c mini_shell.c $(addprefix signals/, $(SIGNALS)) $(addprefix handlers/, $(HANDLERS)) $(addprefix error/, $(ERROS)) $(addprefix commands/, $(COMMANDS)) $(addprefix utils/, $(UTILS))
# variable set hash-table stats:
# Load=74/1024=7%, Rehash=0, Collisions=8/116=7%

# Pattern-specific Variable Values

# No pattern-specific variable values.

# Directories

# . (device 116, inode 106354702): 12 files, no impossibilities.

# 12 files, no impossibilities in 1 directories.

# Implicit Rules

# No implicit rules.

# Files

all: minishell
#  Phony target (prerequisite of .PHONY).
#  Command line target.
#  Implicit rule search has not been done.
#  File does not exist.
#  File has been updated.
#  Needs to be updated (-q is set).
# variable set hash-table stats:
# Load=0/32=0%, Rehash=0, Collisions=0/13=0%

.PHONY: all clean fclean re test
#  Implicit rule search has not been done.
#  Modification time never checked.
#  File has not been updated.

# Not a target:
.SUFFIXES:
#  Implicit rule search has not been done.
#  Modification time never checked.
#  File has not been updated.

# Not a target:
Makefile:
#  Implicit rule search has been done.
#  Last modified 2022-06-25 20:58:07.36910995
#  File has been updated.
#  Successfully updated.

test:
#  Phony target (prerequisite of .PHONY).
#  Implicit rule search has not been done.
#  File does not exist.
#  File has not been updated.
#  recipe to execute (from 'Makefile', line 51):
	make re -C test
	make run -C test

val:
#  Implicit rule search has not been done.
#  Modification time never checked.
#  File has not been updated.
#  recipe to execute (from 'Makefile', line 55):
	make re -C test
	make val -C test

minishell: libft/libft.a
#  Implicit rule search has not been done.
#  Implicit/static pattern stem: ''
#  File does not exist.
#  File has been updated.
#  Needs to be updated (-q is set).
# automatic
# @ := minishell
# automatic
# % := 
# automatic
# * := 
# automatic
# + := libft/libft.a
# automatic
# | := 
# automatic
# < := libft/libft.a
# automatic
# ^ := libft/libft.a
# automatic
# ? := libft/libft.a
# variable set hash-table stats:
# Load=8/32=25%, Rehash=0, Collisions=3/21=14%
#  recipe to execute (from 'Makefile', line 34):
	$(CC) $(SRC) $(CFLAGS) -I ./header -I ./libft -L ./libft -lft -lreadline -g3 -o $(NAME) 

libft/libft.a:
#  Implicit rule search has not been done.
#  Last modified 2022-06-26 23:02:03.299392612
#  File has been updated.
#  Successfully updated.
#  recipe to execute (from 'Makefile', line 37):
	make others -C ./libft

fclean:
#  Phony target (prerequisite of .PHONY).
#  Implicit rule search has not been done.
#  File does not exist.
#  File has not been updated.
#  recipe to execute (from 'Makefile', line 45):
	make fclean -C ./libft
	rm -f $(NAME)

# Not a target:
.DEFAULT:
#  Implicit rule search has not been done.
#  Modification time never checked.
#  File has not been updated.

re: fclean all
#  Phony target (prerequisite of .PHONY).
#  Implicit rule search has not been done.
#  File does not exist.
#  File has not been updated.

clean:
#  Phony target (prerequisite of .PHONY).
#  Implicit rule search has not been done.
#  File does not exist.
#  File has not been updated.
#  recipe to execute (from 'Makefile', line 40):
	rm -f $(LIBFT_OBJS) $(NAME) $(NAME_BONUS)
	make clean -C ./libft
	rm -rf minishell.dSYM

# files hash-table stats:
 
# Load=12/1024=1%, Rehash=0, Collisions=1/35=3%
# VPATH Search Paths

# No 'vpath' search paths.

# No general ('VPATH' variable) search path.

# strcache buffers: 1 (0) / strings = 24 / storage = 186 B / avg = 7 B
# current buf: size = 8162 B / used = 186 B / count = 24 / avg = 7 B

# strcache performance: lookups = 49 / hit rate = 51%
# hash-table stats:
# Load=24/8192=0%, Rehash=0, Collisions=1/49=2%
# Finished Make data base on Sun Jun 26 23:03:21 2022

 
